<?xml version="1.0" encoding="UTF-8"?>
<!-- Generated by org.testng.reporters.JUnitReportReporter -->
<testsuite hostname="Praful" failures="0" tests="3" name="runner.RunnerTest2" time="30.476" errors="0" timestamp="2025-02-14T19:41:05 IST" skipped="0">
  <testcase classname="runner.RunnerTest2" name="runScenario" time="11.436"/>
  <system-out/>
  <testcase classname="runner.RunnerTest2" name="runScenario" time="13.895"/>
  <system-out/>
  <testcase classname="runner.RunnerTest2" name="runScenario" time="5.145"/>
  <system-out/>
</testsuite> <!-- runner.RunnerTest2 -->
