<?xml version="1.0" encoding="UTF-8"?>
<!-- Generated by org.testng.reporters.JUnitReportReporter -->
<testsuite hostname="Praful" failures="0" tests="3" name="runner.RunnerTest1" time="29.700" errors="0" timestamp="2025-02-14T19:41:05 IST" skipped="0">
  <testcase classname="runner.RunnerTest1" name="runScenario" time="11.739"/>
  <system-out/>
  <testcase classname="runner.RunnerTest1" name="runScenario" time="12.585"/>
  <system-out/>
  <testcase classname="runner.RunnerTest1" name="runScenario" time="5.376"/>
  <system-out/>
</testsuite> <!-- runner.RunnerTest1 -->
